<?xml version="1.0" encoding="UTF-8"?>
<!-- Generated by org.testng.reporters.JUnitXMLReporter -->
<testsuite ignored="1" hostname="SumedhKrishna" failures="0" tests="1" name="Default test" time="5.273" errors="0" timestamp="2024-03-21T12:01:13 EDT">
  <testcase classname="tests.DockerDemoWithChrome" name="testDockerDemoWithFirefox" time="5.231"/>
  <testcase classname="tests.DockerDemoWithChrome" name="testDockerDemoWithChrome" time="0.0">
    <ignored/>
  </testcase> <!-- testDockerDemoWithChrome -->
</testsuite> <!-- Default test -->
