<?xml version="1.0" encoding="UTF-8"?>
<!-- Generated by org.testng.reporters.JUnitXMLReporter -->
<testsuite ignored="0" hostname="SumedhKrishna" failures="0" tests="3" name="Test" time="28.823" errors="0" timestamp="2024-03-21T17:38:37 EDT">
  <testcase classname="tests.DockerWithSeleniumGrid" name="testChrome" time="5.374"/>
  <testcase classname="tests.DockerWithSeleniumGrid" name="testEdge" time="6.093"/>
  <testcase classname="tests.DockerWithSeleniumGrid" name="testFirefox" time="8.538"/>
</testsuite> <!-- Test -->
