<?xml version="1.0" encoding="UTF-8"?>
<testng-results ignored="0" total="1" passed="1" failed="0" skipped="0">
  <reporter-output>
  </reporter-output>
  <suite started-at="2024-03-20T15:44:04 EDT" name="Suite" finished-at="2024-03-20T15:44:04 EDT" duration-ms="59">
    <groups>
    </groups>
    <test started-at="2024-03-20T15:44:04 EDT" name="Test" finished-at="2024-03-20T15:44:04 EDT" duration-ms="59">
      <class name="tests.PassingTestNgParamsFromMaven">
        <test-method signature="testPassingTestNgParamsFromMaven(java.lang.String,java.lang.String)[pri:0, instance:tests.PassingTestNgParamsFromMaven@4b45a2f5]" started-at="2024-03-20T15:44:04 EDT" name="testPassingTestNgParamsFromMaven" finished-at="2024-03-20T15:44:04 EDT" duration-ms="6" status="PASS">
          <params>
            <param index="0">
              <value>
                <![CDATA[CHROME]]>
              </value>
            </param>
            <param index="1">
              <value>
                <![CDATA[gmail.com]]>
              </value>
            </param>
          </params>
          <reporter-output>
          </reporter-output>
        </test-method> <!-- testPassingTestNgParamsFromMaven -->
      </class> <!-- tests.PassingTestNgParamsFromMaven -->
    </test> <!-- Test -->
  </suite> <!-- Suite -->
</testng-results>
