<?xml version="1.0" encoding="UTF-8"?>
<testng-results ignored="0" total="3" passed="3" failed="0" skipped="0">
  <reporter-output>
  </reporter-output>
  <suite started-at="2024-03-21T17:38:08 EDT" name="Suite" finished-at="2024-03-21T17:38:37 EDT" duration-ms="28823">
    <groups>
    </groups>
    <test started-at="2024-03-21T17:38:08 EDT" name="Test" finished-at="2024-03-21T17:38:37 EDT" duration-ms="28823">
      <class name="tests.DockerWithSeleniumGrid">
        <test-method is-config="true" signature="startDockerGrid()[pri:0, instance:tests.DockerWithSeleniumGrid@70ed52de]" started-at="2024-03-21T17:38:08 EDT" name="startDockerGrid" finished-at="2024-03-21T17:38:23 EDT" duration-ms="15061" status="PASS">
          <reporter-output>
          </reporter-output>
        </test-method> <!-- startDockerGrid -->
        <test-method signature="testChrome(java.lang.reflect.Method)[pri:0, instance:tests.DockerWithSeleniumGrid@70ed52de]" started-at="2024-03-21T17:38:23 EDT" name="testChrome" finished-at="2024-03-21T17:38:29 EDT" duration-ms="5374" status="PASS">
          <params>
            <param index="0">
              <value>
                <![CDATA[void tests.DockerWithSeleniumGrid.testChrome(java.lang.reflect.Method) throws java.net.MalformedURLException]]>
              </value>
            </param>
          </params>
          <reporter-output>
          </reporter-output>
        </test-method> <!-- testChrome -->
        <test-method signature="testFirefox(java.lang.reflect.Method)[pri:0, instance:tests.DockerWithSeleniumGrid@70ed52de]" started-at="2024-03-21T17:38:23 EDT" name="testFirefox" finished-at="2024-03-21T17:38:32 EDT" duration-ms="8538" status="PASS">
          <params>
            <param index="0">
              <value>
                <![CDATA[void tests.DockerWithSeleniumGrid.testFirefox(java.lang.reflect.Method) throws java.net.MalformedURLException]]>
              </value>
            </param>
          </params>
          <reporter-output>
          </reporter-output>
        </test-method> <!-- testFirefox -->
        <test-method signature="testEdge(java.lang.reflect.Method)[pri:0, instance:tests.DockerWithSeleniumGrid@70ed52de]" started-at="2024-03-21T17:38:23 EDT" name="testEdge" finished-at="2024-03-21T17:38:29 EDT" duration-ms="6093" status="PASS">
          <params>
            <param index="0">
              <value>
                <![CDATA[void tests.DockerWithSeleniumGrid.testEdge(java.lang.reflect.Method) throws java.net.MalformedURLException]]>
              </value>
            </param>
          </params>
          <reporter-output>
          </reporter-output>
        </test-method> <!-- testEdge -->
        <test-method is-config="true" signature="stopDockerGrid()[pri:0, instance:tests.DockerWithSeleniumGrid@70ed52de]" started-at="2024-03-21T17:38:32 EDT" name="stopDockerGrid" finished-at="2024-03-21T17:38:37 EDT" duration-ms="5117" status="PASS">
          <reporter-output>
          </reporter-output>
        </test-method> <!-- stopDockerGrid -->
      </class> <!-- tests.DockerWithSeleniumGrid -->
    </test> <!-- Test -->
  </suite> <!-- Suite -->
</testng-results>
